#
# There is insufficient memory for the Java Runtime Environment to continue.
# Native memory allocation (mmap) failed to map 264241152 bytes for Failed to commit area from 0x0000000704000000 to 0x0000000713c00000 of length 264241152.
# Possible reasons:
#   The system is out of physical RAM or swap space
#   The process is running with CompressedOops enabled, and the Java Heap may be blocking the growth of the native heap
# Possible solutions:
#   Reduce memory load on the system
#   Increase physical memory or swap space
#   Check if swap backing store is full
#   Decrease Java heap size (-Xmx/-Xms)
#   Decrease number of Java threads
#   Decrease Java thread stack sizes (-Xss)
#   Set larger code cache with -XX:ReservedCodeCacheSize=
# This output file may be truncated or incomplete.
#
#  Out of Memory Error (src/hotspot/os/windows/os_windows.cpp:3627), pid=4172, tid=18568
#
# JRE version:  (11.0.15) (build )
# Java VM: OpenJDK 64-Bit Server VM (11.0.15+0-b2043.56-9505619, mixed mode, sharing, tiered, compressed oops, g1 gc, windows-amd64)
# No core dump will be written. Minidumps are not enabled by default on client versions of Windows
#

---------------  S U M M A R Y ------------

Command Line: org.jetbrains.kotlin.cli.jvm.K2JVMCompiler @D:\Learning\app\build\20230412_16938909612985486801.compiler.options

Host: 11th Gen Intel(R) Core(TM) i5-11400H @ 2.70GHz, 12 cores, 15G,  Windows 10 , 64 bit Build 19041 (10.0.19041.2788)
Time: Wed Apr 12 00:54:16 2023 SE Asia Standard Time elapsed time: 0.014500 seconds (0d 0h 0m 0s)

---------------  T H R E A D  ---------------

Current thread (0x00000181efa31000):  JavaThread "Unknown thread" [_thread_in_vm, id=18568, stack(0x0000001cc7100000,0x0000001cc7200000)]

Stack: [0x0000001cc7100000,0x0000001cc7200000]
Native frames: (J=compiled Java code, j=interpreted, Vv=VM code, C=native code)
V  [jvm.dll+0x64135a]
V  [jvm.dll+0x7d39f9]
V  [jvm.dll+0x7d51b9]
V  [jvm.dll+0x7d58a3]
V  [jvm.dll+0x2691c5]
V  [jvm.dll+0x63e4e9]
V  [jvm.dll+0x632985]
V  [jvm.dll+0x3231ac]
V  [jvm.dll+0x323032]
V  [jvm.dll+0x327c06]
V  [jvm.dll+0x36ffa2]
V  [jvm.dll+0x36fa01]
V  [jvm.dll+0x2fea28]
V  [jvm.dll+0x2ffb25]
V  [jvm.dll+0x7accd7]
V  [jvm.dll+0x7ae49f]
V  [jvm.dll+0x37d299]
V  [jvm.dll+0x78ef9f]
V  [jvm.dll+0x3ec847]
V  [jvm.dll+0x3eed31]
C  [jli.dll+0x52cb]
C  [ucrtbase.dll+0x21bb2]
C  [KERNEL32.DLL+0x17604]
C  [ntdll.dll+0x526a1]


---------------  P R O C E S S  ---------------

Threads class SMR info:
_java_thread_list=0x00000181ed8625a0, length=0, elements={
}

Java Threads: ( => current thread )

Other Threads:
  0x00000181efa48800 GCTaskThread "GC Thread#0" [stack: 0x0000001cc7200000,0x0000001cc7300000] [id=17452]
  0x00000181efaa3800 ConcurrentGCThread "G1 Main Marker" [stack: 0x0000001cc7300000,0x0000001cc7400000] [id=13292]
  0x00000181efaa8000 ConcurrentGCThread "G1 Conc#0" [stack: 0x0000001cc7400000,0x0000001cc7500000] [id=9148]

[error occurred during error reporting (printing all threads), id 0xc0000005, EXCEPTION_ACCESS_VIOLATION (0xc0000005) at pc=0x00007ffa0d3df3e7]

VM state:not at safepoint (not fully initialized)

VM Mutex/Monitor currently owned by a thread:  ([mutex/lock_event])
[0x00000181efa2d100] Heap_lock - owner thread: 0x00000181efa31000

Heap address: 0x0000000704000000, size: 4032 MB, Compressed Oops mode: Non-zero based: 0x0000000704000000
Narrow klass base: 0x0000000000000000, Narrow klass shift: 0

GC Heap History (0 events):
No events

Deoptimization events (0 events):
No events

Classes redefined (0 events):
No events

Internal exceptions (0 events):
No events

Events (1 events):
Event: 0.009 Loaded shared library C:\Program Files\Android\Android Studio\jbr\bin\zip.dll


Dynamic libraries:
0x00007ff6d0900000 - 0x00007ff6d090a000 	C:\Program Files\Android\Android Studio\jbr\bin\java.exe
0x00007ffa756b0000 - 0x00007ffa758a8000 	C:\WINDOWS\SYSTEM32\ntdll.dll
0x00007ffa73ad0000 - 0x00007ffa73b8f000 	C:\WINDOWS\System32\KERNEL32.DLL
0x00007ffa73030000 - 0x00007ffa7330a000 	C:\WINDOWS\System32\KERNELBASE.dll
0x00007ffa734b0000 - 0x00007ffa735b0000 	C:\WINDOWS\System32\ucrtbase.dll
0x00007ffa39ed0000 - 0x00007ffa39eeb000 	C:\Program Files\Android\Android Studio\jbr\bin\VCRUNTIME140.dll
0x00007ffa5fd70000 - 0x00007ffa5fd87000 	C:\Program Files\Android\Android Studio\jbr\bin\jli.dll
0x00007ffa75420000 - 0x00007ffa755bd000 	C:\WINDOWS\System32\USER32.dll
0x00007ffa526b0000 - 0x00007ffa5294a000 	C:\WINDOWS\WinSxS\amd64_microsoft.windows.common-controls_6595b64144ccf1df_6.0.19041.1110_none_60b5254171f9507e\COMCTL32.dll
0x00007ffa72dc0000 - 0x00007ffa72de2000 	C:\WINDOWS\System32\win32u.dll
0x00007ffa755d0000 - 0x00007ffa7566e000 	C:\WINDOWS\System32\msvcrt.dll
0x00007ffa73b90000 - 0x00007ffa73bbb000 	C:\WINDOWS\System32\GDI32.dll
0x00007ffa733a0000 - 0x00007ffa734b0000 	C:\WINDOWS\System32\gdi32full.dll
0x00007ffa73600000 - 0x00007ffa7369d000 	C:\WINDOWS\System32\msvcp_win.dll
0x00007ffa73aa0000 - 0x00007ffa73ad0000 	C:\WINDOWS\System32\IMM32.DLL
0x00007ffa68400000 - 0x00007ffa6840c000 	C:\Program Files\Android\Android Studio\jbr\bin\vcruntime140_1.dll
0x00007ffa29770000 - 0x00007ffa297fd000 	C:\Program Files\Android\Android Studio\jbr\bin\msvcp140.dll
0x00007ffa0d0d0000 - 0x00007ffa0dc8c000 	C:\Program Files\Android\Android Studio\jbr\bin\server\jvm.dll
0x00007ffa74030000 - 0x00007ffa740de000 	C:\WINDOWS\System32\ADVAPI32.dll
0x00007ffa739a0000 - 0x00007ffa73a3c000 	C:\WINDOWS\System32\sechost.dll
0x00007ffa74410000 - 0x00007ffa74534000 	C:\WINDOWS\System32\RPCRT4.dll
0x00007ffa74400000 - 0x00007ffa74408000 	C:\WINDOWS\System32\PSAPI.DLL
0x00007ffa6c580000 - 0x00007ffa6c589000 	C:\WINDOWS\SYSTEM32\WSOCK32.dll
0x00007ffa74270000 - 0x00007ffa742db000 	C:\WINDOWS\System32\WS2_32.dll
0x00007ffa595c0000 - 0x00007ffa595e7000 	C:\WINDOWS\SYSTEM32\WINMM.dll
0x00007ffa67930000 - 0x00007ffa6793a000 	C:\WINDOWS\SYSTEM32\VERSION.dll
0x00007ffa71610000 - 0x00007ffa71622000 	C:\WINDOWS\SYSTEM32\kernel.appcore.dll
0x00007ffa5a3f0000 - 0x00007ffa5a400000 	C:\Program Files\Android\Android Studio\jbr\bin\verify.dll
0x00007ffa71300000 - 0x00007ffa714e4000 	C:\WINDOWS\SYSTEM32\DBGHELP.DLL
0x00007ffa59630000 - 0x00007ffa59664000 	C:\WINDOWS\SYSTEM32\dbgcore.DLL
0x00007ffa73310000 - 0x00007ffa73392000 	C:\WINDOWS\System32\bcryptPrimitives.dll
0x00007ffa59950000 - 0x00007ffa59978000 	C:\Program Files\Android\Android Studio\jbr\bin\java.dll
0x00007ffa5a3e0000 - 0x00007ffa5a3ea000 	C:\Program Files\Android\Android Studio\jbr\bin\jimage.dll
0x00007ffa59e50000 - 0x00007ffa59e68000 	C:\Program Files\Android\Android Studio\jbr\bin\zip.dll

dbghelp: loaded successfully - version: 4.0.5 - missing functions: none
symbol engine: initialized successfully - sym options: 0x614 - pdb path: .;C:\Program Files\Android\Android Studio\jbr\bin;C:\WINDOWS\SYSTEM32;C:\WINDOWS\WinSxS\amd64_microsoft.windows.common-controls_6595b64144ccf1df_6.0.19041.1110_none_60b5254171f9507e;C:\Program Files\Android\Android Studio\jbr\bin\server

VM Arguments:
java_command: org.jetbrains.kotlin.cli.jvm.K2JVMCompiler @D:\Learning\app\build\20230412_16938909612985486801.compiler.options
java_class_path (initial): C:\Users\ASUS\.gradle\caches\modules-2\files-2.1\org.jetbrains.kotlin\kotlin-compiler-embeddable\1.8.0\eb9118d4bcceaa2a94b2ae2a33a4ddba7c9a947f\kotlin-compiler-embeddable-1.8.0.jar;C:\Users\ASUS\.gradle\caches\modules-2\files-2.1\org.jetbrains.kotlin\kotlin-stdlib\1.8.0\1796921c7a3e2e2665a83e6c8d33399336cd39bc\kotlin-stdlib-1.8.0.jar;C:\Users\ASUS\.gradle\caches\modules-2\files-2.1\org.jetbrains.kotlin\kotlin-script-runtime\1.8.0\b2f7e760d283cb339974851c222a4c1d48f2d3d\kotlin-script-runtime-1.8.0.jar;C:\Users\ASUS\.gradle\caches\modules-2\files-2.1\org.jetbrains.kotlin\kotlin-reflect\1.6.10\1cbe9c92c12a94eea200d23c2bbaedaf3daf5132\kotlin-reflect-1.6.10.jar;C:\Users\ASUS\.gradle\caches\modules-2\files-2.1\org.jetbrains.kotlin\kotlin-daemon-embeddable\1.8.0\d255216c551685dc3a7e852b53617f5f01aaaa5c\kotlin-daemon-embeddable-1.8.0.jar;C:\Users\ASUS\.gradle\caches\modules-2\files-2.1\org.jetbrains.intellij.deps\trove4j\1.0.20200330\3afb14d5f9ceb459d724e907a21145e8ff394f02\trove4j-1.0.20200330.jar;C:\Users\ASUS\.gradle\caches\modules-2\files-2.1\net.java.dev.jna\jna\5.6.0\330f2244e9030119ab3030fc3fededc86713d9cc\jna-5.6.0.jar;C:\Users\ASUS\.gradle\caches\modules-2\files-2.1\org.jetbrains.kotlin\kotlin-stdlib-common\1.8.0\f7197e7cc76453ac59f8b0f8d5137cc600becd36\kotlin-stdlib-common-1.8.0.jar;C:\Users\ASUS\.gradle\caches\modules-2\files-2.1\org.jetbrains\annotations\13.0\919f0dfe192fb4e063e7dacadee7f8bb9a2672a9\annotations-13.0.jar
Launcher Type: SUN_STANDARD

[Global flags]
     intx CICompilerCount                          = 4                                         {product} {ergonomic}
     uint ConcGCThreads                            = 3                                         {product} {ergonomic}
     uint G1ConcRefinementThreads                  = 10                                        {product} {ergonomic}
   size_t G1HeapRegionSize                         = 1048576                                   {product} {ergonomic}
    uintx GCDrainStackTargetSize                   = 64                                        {product} {ergonomic}
   size_t InitialHeapSize                          = 264241152                                 {product} {ergonomic}
   size_t MarkStackSize                            = 4194304                                   {product} {ergonomic}
   size_t MaxHeapSize                              = 4227858432                                {product} {ergonomic}
   size_t MinHeapDeltaBytes                        = 1048576                                   {product} {ergonomic}
    uintx NonNMethodCodeHeapSize                   = 5836300                                {pd product} {ergonomic}
    uintx NonProfiledCodeHeapSize                  = 122910970                              {pd product} {ergonomic}
    uintx ProfiledCodeHeapSize                     = 122910970                              {pd product} {ergonomic}
    uintx ReservedCodeCacheSize                    = 251658240                              {pd product} {ergonomic}
     bool SegmentedCodeCache                       = true                                      {product} {ergonomic}
     bool UseCompressedClassPointers               = true                                 {lp64_product} {ergonomic}
     bool UseCompressedOops                        = true                                 {lp64_product} {ergonomic}
     bool UseG1GC                                  = true                                      {product} {ergonomic}
     bool UseLargePagesIndividualAllocation        = false                                  {pd product} {ergonomic}

Logging:
Log output configuration:
 #0: stdout all=warning uptime,level,tags
 #1: stderr all=off uptime,level,tags

Environment Variables:
PATH=C:\Windows\system32;C:\Windows;C:\Windows\System32\Wbem;C:\Windows\System32\WindowsPowerShell\v1.0\;C:\Windows\System32\OpenSSH\;C:\Program Files (x86)\NVIDIA Corporation\PhysX\Common;C:\Program Files\NVIDIA Corporation\NVIDIA NvDLISR;C:\WINDOWS\system32;C:\WINDOWS;C:\WINDOWS\System32\Wbem;C:\WINDOWS\System32\WindowsPowerShell\v1.0\;C:\WINDOWS\System32\OpenSSH\;C:\Program Files\Git\cmd;C:\Users\ASUS\AppData\Local\Microsoft\WindowsApps;
USERNAME=ASUS
OS=Windows_NT
PROCESSOR_IDENTIFIER=Intel64 Family 6 Model 141 Stepping 1, GenuineIntel



---------------  S Y S T E M  ---------------

OS: Windows 10 , 64 bit Build 19041 (10.0.19041.2788)
OS uptime: 2 days 8:00 hours

CPU:total 12 (initial active 12) (6 cores per cpu, 2 threads per core) family 6 model 141 stepping 1 microcode 0x34, cmov, cx8, fxsr, mmx, sse, sse2, sse3, ssse3, sse4.1, sse4.2, popcnt, avx, avx2, aes, clmul, erms, 3dnowpref, lzcnt, ht, tsc, tscinvbit, bmi1, bmi2, adx, evex, sha, fma

Memory: 4k page, system-wide physical 16121M (1372M free)
TotalPageFile size 24313M (AvailPageFile size 153M)
current process WorkingSet (physical memory assigned to process): 10M, peak: 10M
current process commit charge ("private bytes"): 64M, peak: 316M

vm_info: OpenJDK 64-Bit Server VM (11.0.15+0-b2043.56-9505619) for windows-amd64 JRE (11.0.15+0-b2043.56-9505619), built on Jan 19 2023 02:48:00 by "builduser" with unknown MS VC++:1929

END.
